[2022-04-14 10:49:27] local.ERROR: Undefined index: name {"exception":"[object] (ErrorException(code: 0): Undefined index: name at /var/www/html/vendor/laravel/framework/src/Illuminate/Foundation/PackageManifest.php:122)
[stacktrace]
#0 /var/www/html/vendor/laravel/framework/src/Illuminate/Foundation/PackageManifest.php(122): Illuminate\\Foundation\\Bootstrap\\HandleExceptions->handleError()
#1 /var/www/html/vendor/laravel/framework/src/Illuminate/Support/Collection.php(1197): Illuminate\\Foundation\\PackageManifest->Illuminate\\Foundation\\{closure}()
#2 /var/www/html/vendor/laravel/framework/src/Illuminate/Foundation/PackageManifest.php(123): Illuminate\\Support\\Collection->mapWithKeys()
#3 /var/www/html/vendor/laravel/framework/src/Illuminate/Foundation/PackageManifest.php(97): Illuminate\\Foundation\\PackageManifest->build()
#4 /var/www/html/vendor/laravel/framework/src/Illuminate/Foundation/PackageManifest.php(80): Illuminate\\Foundation\\PackageManifest->getManifest()
#5 /var/www/html/vendor/laravel/framework/src/Illuminate/Foundation/Bootstrap/RegisterFacades.php(26): Illuminate\\Foundation\\PackageManifest->aliases()
#6 /var/www/html/vendor/laravel/framework/src/Illuminate/Foundation/Application.php(210): Illuminate\\Foundation\\Bootstrap\\RegisterFacades->bootstrap()
#7 /var/www/html/vendor/laravel/framework/src/Illuminate/Foundation/Console/Kernel.php(322): Illuminate\\Foundation\\Application->bootstrapWith()
#8 /var/www/html/vendor/laravel/framework/src/Illuminate/Foundation/Console/Kernel.php(131): Illuminate\\Foundation\\Console\\Kernel->bootstrap()
#9 /var/www/html/artisan(37): Illuminate\\Foundation\\Console\\Kernel->handle()
#10 {main}
"} 
[2022-04-14 10:50:11] local.ERROR: Undefined index: name {"exception":"[object] (ErrorException(code: 0): Undefined index: name at /var/www/html/vendor/laravel/framework/src/Illuminate/Foundation/PackageManifest.php:122)
[stacktrace]
#0 /var/www/html/vendor/laravel/framework/src/Illuminate/Foundation/PackageManifest.php(122): Illuminate\\Foundation\\Bootstrap\\HandleExceptions->handleError()
#1 /var/www/html/vendor/laravel/framework/src/Illuminate/Support/Collection.php(1197): Illuminate\\Foundation\\PackageManifest->Illuminate\\Foundation\\{closure}()
#2 /var/www/html/vendor/laravel/framework/src/Illuminate/Foundation/PackageManifest.php(123): Illuminate\\Support\\Collection->mapWithKeys()
#3 /var/www/html/vendor/laravel/framework/src/Illuminate/Foundation/PackageManifest.php(97): Illuminate\\Foundation\\PackageManifest->build()
#4 /var/www/html/vendor/laravel/framework/src/Illuminate/Foundation/PackageManifest.php(80): Illuminate\\Foundation\\PackageManifest->getManifest()
#5 /var/www/html/vendor/laravel/framework/src/Illuminate/Foundation/Bootstrap/RegisterFacades.php(26): Illuminate\\Foundation\\PackageManifest->aliases()
#6 /var/www/html/vendor/laravel/framework/src/Illuminate/Foundation/Application.php(210): Illuminate\\Foundation\\Bootstrap\\RegisterFacades->bootstrap()
#7 /var/www/html/vendor/laravel/framework/src/Illuminate/Foundation/Console/Kernel.php(322): Illuminate\\Foundation\\Application->bootstrapWith()
#8 /var/www/html/vendor/laravel/framework/src/Illuminate/Foundation/Console/Kernel.php(131): Illuminate\\Foundation\\Console\\Kernel->bootstrap()
#9 /var/www/html/artisan(37): Illuminate\\Foundation\\Console\\Kernel->handle()
#10 {main}
"} 
